<?xml version="1.0" encoding="UTF-8"?>
<!-- Generated by org.testng.reporters.JUnitReportReporter -->
<testsuite hostname="Harry" failures="0" tests="1" name="LearningWindow.OpeningNewTab" time="9.769" errors="0" timestamp="2024-12-27T12:47:35 IST" skipped="0">
  <testcase classname="LearningWindow.OpeningNewTab" name="demo" time="9.769"/>
  <system-out/>
</testsuite> <!-- LearningWindow.OpeningNewTab -->
