<?xml version="1.0" encoding="UTF-8"?>
<!-- Generated by org.testng.reporters.JUnitReportReporter -->
<testsuite hostname="Harry" failures="0" tests="1" name="LearningWindow.OpeningNewWindow" time="11.497" errors="0" timestamp="2024-12-27T12:52:29 IST" skipped="0">
  <testcase classname="LearningWindow.OpeningNewWindow" name="m1" time="11.497"/>
  <system-out/>
</testsuite> <!-- LearningWindow.OpeningNewWindow -->
