<?xml version="1.0" encoding="UTF-8"?>
<!-- Generated by org.testng.reporters.JUnitReportReporter -->
<testsuite hostname="Harry" failures="0" tests="3" name="LearningTestNG.Test1" time="0.039" errors="0" timestamp="2024-12-07T17:16:33 IST" skipped="0">
  <testcase classname="LearningTestNG.Test1" name="demoTest2" time="0.002"/>
  <system-out>
    <![CDATA[Demo Test 2 Exceuted!!!!]]>
  </system-out>
  <testcase classname="LearningTestNG.Test1" name="demoTest1" time="0.034"/>
  <system-out>
    <![CDATA[Demo Test 1 Exceuted!!!!]]>
  </system-out>
  <testcase classname="LearningTestNG.Test1" name="demoTest3" time="0.003"/>
  <system-out>
    <![CDATA[Demo Test 3 Exceuted!!!!]]>
  </system-out>
</testsuite> <!-- LearningTestNG.Test1 -->
