<?xml version="1.0" encoding="UTF-8"?>
<!-- Generated by org.testng.reporters.JUnitReportReporter -->
<testsuite hostname="Harry" failures="0" tests="3" name="LearningTestNG.Test2" time="0.013" errors="0" timestamp="2024-12-10T09:20:18 IST" skipped="0">
  <testcase classname="LearningTestNG.Test2" name="demo3" time="0.001"/>
  <system-out/>
  <testcase classname="LearningTestNG.Test2" name="demo1" time="0.009"/>
  <system-out/>
  <testcase classname="LearningTestNG.Test2" name="demo2" time="0.003"/>
  <system-out/>
</testsuite> <!-- LearningTestNG.Test2 -->
