<?xml version="1.0" encoding="UTF-8"?>
<!-- Generated by org.testng.reporters.JUnitReportReporter -->
<testsuite hostname="Harry" failures="0" tests="2" name="LearningTestNGAttributes.Task4" time="0.008" errors="0" timestamp="2024-12-16T13:03:33 IST" skipped="1">
  <testcase classname="LearningTestNGAttributes.Task4" name="mallaReddy" time="0.008"/>
  <system-out>
    <![CDATA[MallaReddy]]>
  </system-out>
  <testcase classname="LearningTestNGAttributes.Task4" name="farzana">
    <skipped/>
  </testcase> <!-- farzana -->
  <system-out/>
</testsuite> <!-- LearningTestNGAttributes.Task4 -->
