<?xml version="1.0" encoding="UTF-8"?>
<!-- Generated by org.testng.reporters.JUnitReportReporter -->
<testsuite hostname="Harry" failures="0" tests="1" name="LearningDataDrivenTesting.ReadDataFromPropertyFile" time="0.032" errors="0" timestamp="2024-12-18T13:49:15 IST" skipped="0">
  <testcase classname="LearningDataDrivenTesting.ReadDataFromPropertyFile" name="Task1" time="0.032"/>
  <system-out/>
</testsuite> <!-- LearningDataDrivenTesting.ReadDataFromPropertyFile -->
