<?xml version="1.0" encoding="UTF-8"?>
<!-- Generated by org.testng.reporters.JUnitReportReporter -->
<testsuite hostname="Harry" failures="0" tests="1" name="learningPageObjectModel.VerifyUserAbleToLogin" time="3.119" errors="0" timestamp="2024-12-24T14:00:08 IST" skipped="0">
  <testcase classname="learningPageObjectModel.VerifyUserAbleToLogin" name="verifyWithValidInput" time="3.119"/>
  <system-out/>
</testsuite> <!-- learningPageObjectModel.VerifyUserAbleToLogin -->
