<?xml version="1.0" encoding="UTF-8"?>
<!-- Generated by org.testng.reporters.JUnitReportReporter -->
<testsuite hostname="Harry" failures="0" tests="5" name="LearningTestNGAttributes.Task1" time="0.102" errors="0" timestamp="2024-12-16T13:51:08 IST" skipped="0">
  <testcase classname="LearningTestNGAttributes.Task1" name="Grapes" time="0.075"/>
  <system-out>
    <![CDATA[Grapes...!!!!]]>
  </system-out>
  <testcase classname="LearningTestNGAttributes.Task1" name="Mango" time="0.008"/>
  <system-out>
    <![CDATA[Mango...!!!!]]>
  </system-out>
  <testcase classname="LearningTestNGAttributes.Task1" name="Orange" time="0.005"/>
  <system-out>
    <![CDATA[Orange...!!!!]]>
  </system-out>
  <testcase classname="LearningTestNGAttributes.Task1" name="Apple" time="0.006"/>
  <system-out>
    <![CDATA[Apple...!!!!]]>
  </system-out>
  <testcase classname="LearningTestNGAttributes.Task1" name="Banana" time="0.008"/>
  <system-out>
    <![CDATA[Banana...!!!!]]>
  </system-out>
</testsuite> <!-- LearningTestNGAttributes.Task1 -->
