<?xml version="1.0" encoding="UTF-8"?>
<!-- Generated by org.testng.reporters.JUnitReportReporter -->
<testsuite hostname="Harry" failures="0" tests="3" name="LearningBatchExecution.VerifyUserAbleToRemoveProduct" time="24.867" errors="0" timestamp="2024-12-14T14:09:29 IST" skipped="0">
  <testcase classname="LearningBatchExecution.VerifyUserAbleToRemoveProduct" name="removeFirstProduct" time="8.435"/>
  <system-out>
    <![CDATA[ 1st Product Removed]]>
  </system-out>
  <testcase classname="LearningBatchExecution.VerifyUserAbleToRemoveProduct" name="removeSecondProduct" time="8.098"/>
  <system-out>
    <![CDATA[ 2nd Product Removed]]>
  </system-out>
  <testcase classname="LearningBatchExecution.VerifyUserAbleToRemoveProduct" name="removeThirdProduct" time="8.334"/>
  <system-out>
    <![CDATA[ 3rd Product Removed]]>
  </system-out>
</testsuite> <!-- LearningBatchExecution.VerifyUserAbleToRemoveProduct -->
