<?xml version="1.0" encoding="UTF-8"?>
<!-- Generated by org.testng.reporters.JUnitReportReporter -->
<testsuite hostname="Harry" failures="0" tests="3" name="LearningBatchExecution.VerifyUserAbleToUpdateProduct" time="20.071" errors="0" timestamp="2024-12-12T13:44:08 IST" skipped="0">
  <testcase classname="LearningBatchExecution.VerifyUserAbleToUpdateProduct" name="Orange" time="6.697"/>
  <system-out>
    <![CDATA[Orange]]>
  </system-out>
  <testcase classname="LearningBatchExecution.VerifyUserAbleToUpdateProduct" name="Apple" time="6.719"/>
  <system-out>
    <![CDATA[Apple]]>
  </system-out>
  <testcase classname="LearningBatchExecution.VerifyUserAbleToUpdateProduct" name="PinaApple" time="6.655"/>
  <system-out>
    <![CDATA[PineApple]]>
  </system-out>
</testsuite> <!-- LearningBatchExecution.VerifyUserAbleToUpdateProduct -->
