<?xml version="1.0" encoding="UTF-8"?>
<!-- Generated by org.testng.reporters.JUnitReportReporter -->
<testsuite hostname="Harry" failures="0" tests="1" name="LearningDataDrivenTesting.WriteDataToPropertyFile" time="0.066" errors="0" timestamp="2024-12-19T12:55:45 IST" skipped="0">
  <testcase classname="LearningDataDrivenTesting.WriteDataToPropertyFile" name="Task1" time="0.066"/>
  <system-out/>
</testsuite> <!-- LearningDataDrivenTesting.WriteDataToPropertyFile -->
