<?xml version="1.0" encoding="UTF-8"?>
<!-- Generated by org.testng.reporters.JUnitReportReporter -->
<testsuite hostname="Harry" failures="0" tests="1" name="learningPageObjectModel.LearningPageObject" time="5.720" errors="0" timestamp="2024-12-24T13:01:20 IST" skipped="0">
  <testcase classname="learningPageObjectModel.LearningPageObject" name="m1" time="5.720"/>
  <system-out/>
</testsuite> <!-- learningPageObjectModel.LearningPageObject -->
