<?xml version="1.0" encoding="UTF-8"?>
<!-- Generated by org.testng.reporters.JUnitReportReporter -->
<testsuite hostname="Harry" failures="0" tests="2" name="LearningDataDrivenTesting.ReadDataFromExcelFile" time="0.953" errors="0" timestamp="2024-12-21T13:35:40 IST" skipped="1">
  <testcase classname="LearningDataDrivenTesting.ReadDataFromExcelFile" name="readMultipleData" time="0.953"/>
  <system-out/>
  <testcase classname="LearningDataDrivenTesting.ReadDataFromExcelFile" name="readSingleData">
    <skipped/>
  </testcase> <!-- readSingleData -->
  <system-out/>
</testsuite> <!-- LearningDataDrivenTesting.ReadDataFromExcelFile -->
