<?xml version="1.0" encoding="UTF-8"?>
<!-- Generated by org.testng.reporters.JUnitReportReporter -->
<testsuite hostname="Harry" failures="0" tests="3" name="LearningTestNGAttributes.Task5" time="0.008" errors="0" timestamp="2024-12-16T13:21:39 IST" skipped="0">
  <testcase classname="LearningTestNGAttributes.Task5" name="seleniumBatchList" time="0.006"/>
  <system-out>
    <![CDATA[Name is :RangaReddy
Id is :101
Dept is :Testing Engineer]]>
  </system-out>
  <testcase classname="LearningTestNGAttributes.Task5" name="seleniumBatchList" time="0.001"/>
  <system-out>
    <![CDATA[Name is :SangaReddy
Id is :103
Dept is :Devops]]>
  </system-out>
  <testcase classname="LearningTestNGAttributes.Task5" name="seleniumBatchList" time="0.001"/>
  <system-out>
    <![CDATA[Name is :MallaReddy
Id is :102
Dept is :Delopment Engineer]]>
  </system-out>
</testsuite> <!-- LearningTestNGAttributes.Task5 -->
