<?xml version="1.0" encoding="UTF-8"?>
<!-- Generated by org.testng.reporters.JUnitReportReporter -->
<testsuite hostname="Harry" failures="0" tests="20" name="LearningTestNGAttributes.Task2" time="0.030" errors="0" timestamp="2024-12-16T12:51:32 IST" skipped="0">
  <testcase classname="LearningTestNGAttributes.Task2" name="rangaReddy" time="0.001"/>
  <system-out/>
  <testcase classname="LearningTestNGAttributes.Task2" name="rangaReddy" time="0.001"/>
  <system-out/>
  <testcase classname="LearningTestNGAttributes.Task2" name="rangaReddy" time="0.001"/>
  <system-out/>
  <testcase classname="LearningTestNGAttributes.Task2" name="rangaReddy" time="0.001"/>
  <system-out/>
  <testcase classname="LearningTestNGAttributes.Task2" name="rangaReddy" time="0.002"/>
  <system-out/>
  <testcase classname="LearningTestNGAttributes.Task2" name="rangaReddy" time="0.001"/>
  <system-out/>
  <testcase classname="LearningTestNGAttributes.Task2" name="rangaReddy" time="0.001"/>
  <system-out/>
  <testcase classname="LearningTestNGAttributes.Task2" name="rangaReddy" time="0.001"/>
  <system-out/>
  <testcase classname="LearningTestNGAttributes.Task2" name="rangaReddy" time="0.002"/>
  <system-out/>
  <testcase classname="LearningTestNGAttributes.Task2" name="rangaReddy" time="0.000"/>
  <system-out/>
  <testcase classname="LearningTestNGAttributes.Task2" name="rangaReddy" time="0.001"/>
  <system-out/>
  <testcase classname="LearningTestNGAttributes.Task2" name="rangaReddy" time="0.001"/>
  <system-out/>
  <testcase classname="LearningTestNGAttributes.Task2" name="rangaReddy" time="0.001"/>
  <system-out/>
  <testcase classname="LearningTestNGAttributes.Task2" name="rangaReddy" time="0.001"/>
  <system-out/>
  <testcase classname="LearningTestNGAttributes.Task2" name="rangaReddy" time="0.002"/>
  <system-out/>
  <testcase classname="LearningTestNGAttributes.Task2" name="rangaReddy" time="0.010"/>
  <system-out/>
  <testcase classname="LearningTestNGAttributes.Task2" name="rangaReddy" time="0.001"/>
  <system-out/>
  <testcase classname="LearningTestNGAttributes.Task2" name="rangaReddy" time="0.000"/>
  <system-out/>
  <testcase classname="LearningTestNGAttributes.Task2" name="rangaReddy" time="0.001"/>
  <system-out/>
  <testcase classname="LearningTestNGAttributes.Task2" name="rangaReddy" time="0.001"/>
  <system-out/>
</testsuite> <!-- LearningTestNGAttributes.Task2 -->
